  ArtistAway.vcxproj -> C:\Users\Sam\Source\Repos\Artist-Away\Debug\ArtistAway.exe
  ArtistAway.vcxproj -> C:\Users\Sam\Source\Repos\Artist-Away\Debug\ArtistAway.pdb (Full PDB)
  "Made dir, copying shaders to that dir."
  C:\Users\Sam\Source\Repos\Artist-Away\ArtistAway\Engine\Shaders\Clouds.ps.hlsl
  C:\Users\Sam\Source\Repos\Artist-Away\ArtistAway\Engine\Shaders\Clouds.vs.hlsl
  C:\Users\Sam\Source\Repos\Artist-Away\ArtistAway\Engine\Shaders\Colour.ps.hlsl
  C:\Users\Sam\Source\Repos\Artist-Away\ArtistAway\Engine\Shaders\Colour.vs.hlsl
  C:\Users\Sam\Source\Repos\Artist-Away\ArtistAway\Engine\Shaders\DiffuseLight.ps.hlsl
  C:\Users\Sam\Source\Repos\Artist-Away\ArtistAway\Engine\Shaders\DiffuseLight.vs.hlsl
  C:\Users\Sam\Source\Repos\Artist-Away\ArtistAway\Engine\Shaders\Font.ps.hlsl
  C:\Users\Sam\Source\Repos\Artist-Away\ArtistAway\Engine\Shaders\Font.vs.hlsl
  C:\Users\Sam\Source\Repos\Artist-Away\ArtistAway\Engine\Shaders\ModelReflection.ps.hlsl
  C:\Users\Sam\Source\Repos\Artist-Away\ArtistAway\Engine\Shaders\Rain.gs.hlsl
  C:\Users\Sam\Source\Repos\Artist-Away\ArtistAway\Engine\Shaders\Rain.ps.hlsl
  C:\Users\Sam\Source\Repos\Artist-Away\ArtistAway\Engine\Shaders\Rain.vs.hlsl
  C:\Users\Sam\Source\Repos\Artist-Away\ArtistAway\Engine\Shaders\RainParticleUpdate.gs.hlsl
  C:\Users\Sam\Source\Repos\Artist-Away\ArtistAway\Engine\Shaders\RainParticleUpdate.vs.hlsl
  C:\Users\Sam\Source\Repos\Artist-Away\ArtistAway\Engine\Shaders\RefractedModel.vs.hlsl
  C:\Users\Sam\Source\Repos\Artist-Away\ArtistAway\Engine\Shaders\Skybox.ps.hlsl
  C:\Users\Sam\Source\Repos\Artist-Away\ArtistAway\Engine\Shaders\Skybox.vs.hlsl
  C:\Users\Sam\Source\Repos\Artist-Away\ArtistAway\Engine\Shaders\SkyboxRefraction.ps.hlsl
  C:\Users\Sam\Source\Repos\Artist-Away\ArtistAway\Engine\Shaders\SkyboxRefraction.vs.hlsl
  C:\Users\Sam\Source\Repos\Artist-Away\ArtistAway\Engine\Shaders\SpecularLight.ps.hlsl
  C:\Users\Sam\Source\Repos\Artist-Away\ArtistAway\Engine\Shaders\SpecularLight.vs.hlsl
  C:\Users\Sam\Source\Repos\Artist-Away\ArtistAway\Engine\Shaders\Terrain.ps.hlsl
  C:\Users\Sam\Source\Repos\Artist-Away\ArtistAway\Engine\Shaders\Terrain.vs.hlsl
  C:\Users\Sam\Source\Repos\Artist-Away\ArtistAway\Engine\Shaders\TerrainReflection.ps.hlsl
  C:\Users\Sam\Source\Repos\Artist-Away\ArtistAway\Engine\Shaders\TerrainRefraction.ps.hlsl
  C:\Users\Sam\Source\Repos\Artist-Away\ArtistAway\Engine\Shaders\Texture.ps.hlsl
  C:\Users\Sam\Source\Repos\Artist-Away\ArtistAway\Engine\Shaders\Texture.vs.hlsl
  C:\Users\Sam\Source\Repos\Artist-Away\ArtistAway\Engine\Shaders\Transparent.ps.hlsl
  C:\Users\Sam\Source\Repos\Artist-Away\ArtistAway\Engine\Shaders\WaterHeight.ps.hlsl
  C:\Users\Sam\Source\Repos\Artist-Away\ArtistAway\Engine\Shaders\WaterSurface.ps.hlsl
  C:\Users\Sam\Source\Repos\Artist-Away\ArtistAway\Engine\Shaders\WaterSurface.vs.hlsl
  31 File(s) copied
  C:\Users\Sam\Source\Repos\Artist-Away\ArtistAway\Engine\Shaders\Clouds.ps.hlsl
  C:\Users\Sam\Source\Repos\Artist-Away\ArtistAway\Engine\Shaders\Clouds.vs.hlsl
  C:\Users\Sam\Source\Repos\Artist-Away\ArtistAway\Engine\Shaders\Colour.ps.hlsl
  C:\Users\Sam\Source\Repos\Artist-Away\ArtistAway\Engine\Shaders\Colour.vs.hlsl
  C:\Users\Sam\Source\Repos\Artist-Away\ArtistAway\Engine\Shaders\DiffuseLight.ps.hlsl
  C:\Users\Sam\Source\Repos\Artist-Away\ArtistAway\Engine\Shaders\DiffuseLight.vs.hlsl
  C:\Users\Sam\Source\Repos\Artist-Away\ArtistAway\Engine\Shaders\Font.ps.hlsl
  C:\Users\Sam\Source\Repos\Artist-Away\ArtistAway\Engine\Shaders\Font.vs.hlsl
  C:\Users\Sam\Source\Repos\Artist-Away\ArtistAway\Engine\Shaders\ModelReflection.ps.hlsl
  C:\Users\Sam\Source\Repos\Artist-Away\ArtistAway\Engine\Shaders\Rain.gs.hlsl
  C:\Users\Sam\Source\Repos\Artist-Away\ArtistAway\Engine\Shaders\Rain.ps.hlsl
  C:\Users\Sam\Source\Repos\Artist-Away\ArtistAway\Engine\Shaders\Rain.vs.hlsl
  C:\Users\Sam\Source\Repos\Artist-Away\ArtistAway\Engine\Shaders\RainParticleUpdate.gs.hlsl
  C:\Users\Sam\Source\Repos\Artist-Away\ArtistAway\Engine\Shaders\RainParticleUpdate.vs.hlsl
  C:\Users\Sam\Source\Repos\Artist-Away\ArtistAway\Engine\Shaders\RefractedModel.vs.hlsl
  C:\Users\Sam\Source\Repos\Artist-Away\ArtistAway\Engine\Shaders\Skybox.ps.hlsl
  C:\Users\Sam\Source\Repos\Artist-Away\ArtistAway\Engine\Shaders\Skybox.vs.hlsl
  C:\Users\Sam\Source\Repos\Artist-Away\ArtistAway\Engine\Shaders\SkyboxRefraction.ps.hlsl
  C:\Users\Sam\Source\Repos\Artist-Away\ArtistAway\Engine\Shaders\SkyboxRefraction.vs.hlsl
  C:\Users\Sam\Source\Repos\Artist-Away\ArtistAway\Engine\Shaders\SpecularLight.ps.hlsl
  C:\Users\Sam\Source\Repos\Artist-Away\ArtistAway\Engine\Shaders\SpecularLight.vs.hlsl
  C:\Users\Sam\Source\Repos\Artist-Away\ArtistAway\Engine\Shaders\Terrain.ps.hlsl
  C:\Users\Sam\Source\Repos\Artist-Away\ArtistAway\Engine\Shaders\Terrain.vs.hlsl
  C:\Users\Sam\Source\Repos\Artist-Away\ArtistAway\Engine\Shaders\TerrainReflection.ps.hlsl
  C:\Users\Sam\Source\Repos\Artist-Away\ArtistAway\Engine\Shaders\TerrainRefraction.ps.hlsl
  C:\Users\Sam\Source\Repos\Artist-Away\ArtistAway\Engine\Shaders\Texture.ps.hlsl
  C:\Users\Sam\Source\Repos\Artist-Away\ArtistAway\Engine\Shaders\Texture.vs.hlsl
  C:\Users\Sam\Source\Repos\Artist-Away\ArtistAway\Engine\Shaders\Transparent.ps.hlsl
  C:\Users\Sam\Source\Repos\Artist-Away\ArtistAway\Engine\Shaders\WaterHeight.ps.hlsl
  C:\Users\Sam\Source\Repos\Artist-Away\ArtistAway\Engine\Shaders\WaterSurface.ps.hlsl
  C:\Users\Sam\Source\Repos\Artist-Away\ArtistAway\Engine\Shaders\WaterSurface.vs.hlsl
  31 File(s) copied
  C:\Users\Sam\Source\Repos\Artist-Away\ArtistAway\Engine\Dependencies\DLLs\AntTweakBar.dll
  C:\Users\Sam\Source\Repos\Artist-Away\ArtistAway\Engine\Dependencies\DLLs\AntTweakBar64.dll
  C:\Users\Sam\Source\Repos\Artist-Away\ArtistAway\Engine\Dependencies\DLLs\assimp-vc140-mt.dll
  3 File(s) copied
  "Made resources dir, copying resources to that dir."
  C:\Users\Sam\Source\Repos\Artist-Away\ArtistAway\Engine\Resources\Fonts\defaultFontData.txt
  C:\Users\Sam\Source\Repos\Artist-Away\ArtistAway\Engine\Resources\Fonts\font.dds
  C:\Users\Sam\Source\Repos\Artist-Away\ArtistAway\Engine\Resources\Fonts\font01.dds
  C:\Users\Sam\Source\Repos\Artist-Away\ArtistAway\Engine\Resources\Fonts\font01.tga
  C:\Users\Sam\Source\Repos\Artist-Away\ArtistAway\Engine\Resources\Fonts\font01.txt
  C:\Users\Sam\Source\Repos\Artist-Away\ArtistAway\Engine\Resources\Models\bath.txt
  C:\Users\Sam\Source\Repos\Artist-Away\ArtistAway\Engine\Resources\Models\Ferns.fbx
  C:\Users\Sam\Source\Repos\Artist-Away\ArtistAway\Engine\Resources\Models\firtree3.3ds
  C:\Users\Sam\Source\Repos\Artist-Away\ArtistAway\Engine\Resources\Models\Light.x
  C:\Users\Sam\Source\Repos\Artist-Away\ArtistAway\Engine\Resources\Models\Skybox.FBX
  C:\Users\Sam\Source\Repos\Artist-Away\ArtistAway\Engine\Resources\Models\Sphere.fbx
  C:\Users\Sam\Source\Repos\Artist-Away\ArtistAway\Engine\Resources\Models\Wooden_House.fbx
  C:\Users\Sam\Source\Repos\Artist-Away\ArtistAway\Engine\Resources\Models\Bushes\LS13_01.3ds
  C:\Users\Sam\Source\Repos\Artist-Away\ArtistAway\Engine\Resources\Patch Maps\PatchMap.png
  C:\Users\Sam\Source\Repos\Artist-Away\ArtistAway\Engine\Resources\Textures\bark_loo.jpg
  C:\Users\Sam\Source\Repos\Artist-Away\ArtistAway\Engine\Resources\Textures\bark_tree.jpg
  C:\Users\Sam\Source\Repos\Artist-Away\ArtistAway\Engine\Resources\Textures\bark_tree_nor.jpg
  C:\Users\Sam\Source\Repos\Artist-Away\ArtistAway\Engine\Resources\Textures\blade_sample.jpg
  C:\Users\Sam\Source\Repos\Artist-Away\ArtistAway\Engine\Resources\Textures\blatt1.jpg
  C:\Users\Sam\Source\Repos\Artist-Away\ArtistAway\Engine\Resources\Textures\blatt1_a.jpg
  C:\Users\Sam\Source\Repos\Artist-Away\ArtistAway\Engine\Resources\Textures\Branches0030_1_M.png
  C:\Users\Sam\Source\Repos\Artist-Away\ArtistAway\Engine\Resources\Textures\Branches0030_1_M_NRM.jpg
  C:\Users\Sam\Source\Repos\Artist-Away\ArtistAway\Engine\Resources\Textures\BrightGrass.dds
  C:\Users\Sam\Source\Repos\Artist-Away\ArtistAway\Engine\Resources\Textures\cloud1.dds
  C:\Users\Sam\Source\Repos\Artist-Away\ArtistAway\Engine\Resources\Textures\cloud2.dds
  C:\Users\Sam\Source\Repos\Artist-Away\ArtistAway\Engine\Resources\Textures\DarkGrass.dds
  C:\Users\Sam\Source\Repos\Artist-Away\ArtistAway\Engine\Resources\Textures\Dirt.dds
  C:\Users\Sam\Source\Repos\Artist-Away\ArtistAway\Engine\Resources\Textures\Dirt.jpg
  C:\Users\Sam\Source\Repos\Artist-Away\ArtistAway\Engine\Resources\Textures\Flare.jpg
  C:\Users\Sam\Source\Repos\Artist-Away\ArtistAway\Engine\Resources\Textures\House_Texture.png
  C:\Users\Sam\Source\Repos\Artist-Away\ArtistAway\Engine\Resources\Textures\human.jpg
  C:\Users\Sam\Source\Repos\Artist-Away\ArtistAway\Engine\Resources\Textures\Ice.dds
  C:\Users\Sam\Source\Repos\Artist-Away\ArtistAway\Engine\Resources\Textures\leaves_01.jpg
  C:\Users\Sam\Source\Repos\Artist-Away\ArtistAway\Engine\Resources\Textures\leaves_02.jpg
  C:\Users\Sam\Source\Repos\Artist-Away\ArtistAway\Engine\Resources\Textures\leaves_03.jpg
  C:\Users\Sam\Source\Repos\Artist-Away\ArtistAway\Engine\Resources\Textures\leaves_alpha.jpg
  C:\Users\Sam\Source\Repos\Artist-Away\ArtistAway\Engine\Resources\Textures\leaves_alpha_inverted.jpg
  C:\Users\Sam\Source\Repos\Artist-Away\ArtistAway\Engine\Resources\Textures\LightRock.dds
  C:\Users\Sam\Source\Repos\Artist-Away\ArtistAway\Engine\Resources\Textures\LS13brk1.tif
  C:\Users\Sam\Source\Repos\Artist-Away\ArtistAway\Engine\Resources\Textures\LS13brn1.tif
  C:\Users\Sam\Source\Repos\Artist-Away\ArtistAway\Engine\Resources\Textures\LS13brn2.tif
  C:\Users\Sam\Source\Repos\Artist-Away\ArtistAway\Engine\Resources\Textures\LS13frt1.tif
  C:\Users\Sam\Source\Repos\Artist-Away\ArtistAway\Engine\Resources\Textures\LS13frt1_a.tif
  C:\Users\Sam\Source\Repos\Artist-Away\ArtistAway\Engine\Resources\Textures\LS13lef1.tif
  C:\Users\Sam\Source\Repos\Artist-Away\ArtistAway\Engine\Resources\Textures\LS13lef1_a.tif
  C:\Users\Sam\Source\Repos\Artist-Away\ArtistAway\Engine\Resources\Textures\LS13lef1_r.tif
  C:\Users\Sam\Source\Repos\Artist-Away\ArtistAway\Engine\Resources\Textures\LS13lef2.tif
  C:\Users\Sam\Source\Repos\Artist-Away\ArtistAway\Engine\Resources\Textures\LS13lef2_a.tif
  C:\Users\Sam\Source\Repos\Artist-Away\ArtistAway\Engine\Resources\Textures\LS13lef2_r.tif
  C:\Users\Sam\Source\Repos\Artist-Away\ArtistAway\Engine\Resources\Textures\marble01.dds
  C:\Users\Sam\Source\Repos\Artist-Away\ArtistAway\Engine\Resources\Textures\nadeln4.jpg
  C:\Users\Sam\Source\Repos\Artist-Away\ArtistAway\Engine\Resources\Textures\nadeln4a.jpg
  C:\Users\Sam\Source\Repos\Artist-Away\ArtistAway\Engine\Resources\Textures\PlowedField.dds
  C:\Users\Sam\Source\Repos\Artist-Away\ArtistAway\Engine\Resources\Textures\raindrop.dds
  C:\Users\Sam\Source\Repos\Artist-Away\ArtistAway\Engine\Resources\Textures\Rock.dds
  C:\Users\Sam\Source\Repos\Artist-Away\ArtistAway\Engine\Resources\Textures\Sand.dds
  C:\Users\Sam\Source\Repos\Artist-Away\ArtistAway\Engine\Resources\Textures\seafloor.dds
  C:\Users\Sam\Source\Repos\Artist-Away\ArtistAway\Engine\Resources\Textures\Snow.dds
  C:\Users\Sam\Source\Repos\Artist-Away\ArtistAway\Engine\Resources\Textures\stamm2.jpg
  C:\Users\Sam\Source\Repos\Artist-Away\ArtistAway\Engine\Resources\Textures\stamm21.jpg
  C:\Users\Sam\Source\Repos\Artist-Away\ArtistAway\Engine\Resources\Textures\stamm22.jpg
  C:\Users\Sam\Source\Repos\Artist-Away\ArtistAway\Engine\Resources\Textures\Stone.dds
  C:\Users\Sam\Source\Repos\Artist-Away\ArtistAway\Engine\Resources\Textures\Test.dds
  C:\Users\Sam\Source\Repos\Artist-Away\ArtistAway\Engine\Resources\Textures\WaterNormalHeight.png
  64 File(s) copied
