  Main.cpp
  PerlinNoise.cpp
  Generating code
  All 1397 functions were compiled because no usable IPDB/IOBJ from previous compilation was found.
  Finished generating code
  ArtistAway.vcxproj -> C:\Users\Sam\Source\Repos\Artist-Away\Release\ArtistAway.exe
  "Made dir, copying shaders to that dir."
  C:\Users\Sam\Source\Repos\Artist-Away\ArtistAway\Engine\Shaders\Colour.ps.hlsl
  C:\Users\Sam\Source\Repos\Artist-Away\ArtistAway\Engine\Shaders\Colour.vs.hlsl
  C:\Users\Sam\Source\Repos\Artist-Away\ArtistAway\Engine\Shaders\DiffuseLight.ps.hlsl
  C:\Users\Sam\Source\Repos\Artist-Away\ArtistAway\Engine\Shaders\DiffuseLight.vs.hlsl
  C:\Users\Sam\Source\Repos\Artist-Away\ArtistAway\Engine\Shaders\Texture.ps.hlsl
  C:\Users\Sam\Source\Repos\Artist-Away\ArtistAway\Engine\Shaders\Texture.vs.hlsl
  6 File(s) copied
  C:\Users\Sam\Source\Repos\Artist-Away\ArtistAway\Engine\Shaders\Colour.ps.hlsl
  C:\Users\Sam\Source\Repos\Artist-Away\ArtistAway\Engine\Shaders\Colour.vs.hlsl
  C:\Users\Sam\Source\Repos\Artist-Away\ArtistAway\Engine\Shaders\DiffuseLight.ps.hlsl
  C:\Users\Sam\Source\Repos\Artist-Away\ArtistAway\Engine\Shaders\DiffuseLight.vs.hlsl
  C:\Users\Sam\Source\Repos\Artist-Away\ArtistAway\Engine\Shaders\Texture.ps.hlsl
  C:\Users\Sam\Source\Repos\Artist-Away\ArtistAway\Engine\Shaders\Texture.vs.hlsl
  6 File(s) copied
  C:\Users\Sam\Source\Repos\Artist-Away\ArtistAway\Engine\Dependencies\DLLs\assimp-vc140-mt.dll
  1 File(s) copied
  "Made resources dir, copying resources to that dir."
  C:\Users\Sam\Source\Repos\Artist-Away\ArtistAway\Resources\Models\Cone.FBX
  C:\Users\Sam\Source\Repos\Artist-Away\ArtistAway\Resources\Models\Cube.obj
  C:\Users\Sam\Source\Repos\Artist-Away\ArtistAway\Resources\Models\Cube.sam
  C:\Users\Sam\Source\Repos\Artist-Away\ArtistAway\Resources\Models\Triangle.sam
  C:\Users\Sam\Source\Repos\Artist-Away\ArtistAway\Resources\Models\Wooden_House.fbx
  C:\Users\Sam\Source\Repos\Artist-Away\ArtistAway\Resources\Textures\House_Texture.png
  C:\Users\Sam\Source\Repos\Artist-Away\ArtistAway\Resources\Textures\seafloor.dds
  C:\Users\Sam\Source\Repos\Artist-Away\ArtistAway\Resources\Textures\TestTex.dds
  C:\Users\Sam\Source\Repos\Artist-Away\ArtistAway\Resources\Textures\TriangleTex.dds
  9 File(s) copied
